
          -------------------------------------------------------
          Amber 14 SANDER                              2014
          -------------------------------------------------------

| Run on 02/16/2018 at 15:45:34

|   Executable path: sander
| Working directory: /home/student/pandey/Dimer
|          Hostname: linux-n4sg

  [-O]verwriting output

File Assignments:
|  MDIN: min.in                                                                
| MDOUT: min.out                                                               
|INPCRD: water.inpcrd                                                          
|  PARM: water.prmtop                                                          
|RESTRT: min.rst                                                               
|  REFC: refc                                                                  
| MDVEL: mdvel                                                                 
| MDFRC: mdfrc                                                                 
|  MDEN: mden                                                                  
| MDCRD: mdcrd                                                                 
|MDINFO: mdinfo                                                                
|  MTMD: mtmd                                                                  
|INPDIP: inpdip                                                                
|RSTDIP: rstdip                                                                
|INPTRA: inptraj                                                               


 Here is the input file:

Test run 1                                                                     
 &cntrl                                                                        
  imin = 1,                                                                    
  ncyc = 2500,                                                                 
  maxcyc = 5000,                                                               
  cut = 15,                                                                    
  ntb = 0,                                                                     
  igb = 0,                                                                     
 &end                                                                          

--------------------------------------------------------------------------------
   1.  RESOURCE   USE: 
--------------------------------------------------------------------------------

| Flags:                                                                        
|    NONPERIODIC   ntb=0 and igb=0: Setting up nonperiodic simulation
|  *** cutoff > system size, list only builds once
|Largest sphere to fit in unit cell has radius =    30.000
| New format PARM file being parsed.
| Version =    1.000 Date = 02/16/18 Time = 15:44:49
 NATOM  =       6 NTYPES =       2 NBONH =       4 MBONA  =       0
 NTHETH =       2 MTHETA =       0 NPHIH =       0 MPHIA  =       0
 NHPARM =       0 NPARM  =       0 NNB   =       8 NRES   =       1
 NBONA  =       0 NTHETA =       0 NPHIA =       0 NUMBND =       1
 NUMANG =       1 NPTRA  =       0 NATYP =       2 NPHB   =       0
 IFBOX  =       0 NMXRS  =       6 IFCAP =       0 NEXTRA =       0
 NCOPY  =       0


|     Memory Use     Allocated
|     Real                2577
|     Hollerith             21
|     Integer            20141
|     Max Pairs             15
|     nblistReal            72
|     nblist Int        164602
|       Total              742 kbytes

| Note: 1-4 EEL scale factors are being read from the topology file.

| Note: 1-4 VDW scale factors are being read from the topology file.
| Duplicated    0 dihedrals
| Duplicated    0 dihedrals

--------------------------------------------------------------------------------
   2.  CONTROL  DATA  FOR  THE  RUN
--------------------------------------------------------------------------------

WAT                                                                             

General flags:
     imin    =       1, nmropt  =       0

Nature and format of input:
     ntx     =       1, irest   =       0, ntrx    =       1

Nature and format of output:
     ntxo    =       1, ntpr    =      50, ntrx    =       1, ntwr    =     500
     iwrap   =       0, ntwx    =       0, ntwv    =       0, ntwe    =       0
     ioutfm  =       0, ntwprt  =       0, idecomp =       0, rbornstat=      0

Potential function:
     ntf     =       1, ntb     =       0, igb     =       0, nsnb    =      25
     ipol    =       0, gbsa    =       0, iesp    =       0
     dielc   =   1.00000, cut     =  15.00000, intdiel =   1.00000

Frozen or restrained atoms:
     ibelly  =       0, ntr     =       0

Energy minimization:
     maxcyc  =    5000, ncyc    =    2500, ntmin   =       1
     dx0     =   0.01000, drms    =   0.00010
|  INFO: Old style inpcrd file read


--------------------------------------------------------------------------------
   3.  ATOMIC COORDINATES AND VELOCITIES
--------------------------------------------------------------------------------

WAT                                                                             
 begin time read from input coords =     0.000 ps

 Number of triangulated 3-point waters found:        0

     Sum of charges from parm topology file =   0.00000000
     Forcing neutrality...

--------------------------------------------------------------------------------
   4.  RESULTS
--------------------------------------------------------------------------------

 ---------------------------------------------------

     eedmeth=4: Setting switch to one everywhere

 ---------------------------------------------------
| Local SIZE OF NONBOND LIST =          9
| TOTAL SIZE OF NONBOND LIST =          9


   NSTEP       ENERGY          RMS            GMAX         NAME    NUMBER
      1       1.5723E+00     1.1771E+01     2.3479E+01     H           4

 BOND    =        0.0876  ANGLE   =        1.1657  DIHED      =        0.0000
 VDWAALS =        0.3191  EEL     =        0.0000  HBOND      =        0.0000
 1-4 VDW =        0.0000  1-4 EEL =        0.0000  RESTRAINT  =        0.0000


   NSTEP       ENERGY          RMS            GMAX         NAME    NUMBER
     50       2.2863E-01     8.1504E-01     1.5678E+00     H           3

 BOND    =        0.0010  ANGLE   =        0.0001  DIHED      =        0.0000
 VDWAALS =        0.2275  EEL     =        0.0000  HBOND      =        0.0000
 1-4 VDW =        0.0000  1-4 EEL =        0.0000  RESTRAINT  =        0.0000


   NSTEP       ENERGY          RMS            GMAX         NAME    NUMBER
    100       1.7862E-01     2.0190E+00     3.3083E+00     O           2

 BOND    =        0.0045  ANGLE   =        0.0001  DIHED      =        0.0000
 VDWAALS =        0.1741  EEL     =        0.0000  HBOND      =        0.0000
 1-4 VDW =        0.0000  1-4 EEL =        0.0000  RESTRAINT  =        0.0000


   NSTEP       ENERGY          RMS            GMAX         NAME    NUMBER
    150       1.3508E-01     1.2029E+00     3.3464E+00     O           1

 BOND    =        0.0003  ANGLE   =        0.0000  DIHED      =        0.0000
 VDWAALS =        0.1348  EEL     =        0.0000  HBOND      =        0.0000
 1-4 VDW =        0.0000  1-4 EEL =        0.0000  RESTRAINT  =        0.0000


   NSTEP       ENERGY          RMS            GMAX         NAME    NUMBER
    200       1.0271E-01     1.7621E+00     4.5733E+00     O           1

 BOND    =        0.0011  ANGLE   =        0.0000  DIHED      =        0.0000
 VDWAALS =        0.1015  EEL     =        0.0000  HBOND      =        0.0000
 1-4 VDW =        0.0000  1-4 EEL =        0.0000  RESTRAINT  =        0.0000


   NSTEP       ENERGY          RMS            GMAX         NAME    NUMBER
    250       7.3651E-02     1.0245E+00     1.7655E+00     H           3

 BOND    =        0.0013  ANGLE   =        0.0000  DIHED      =        0.0000
 VDWAALS =        0.0723  EEL     =        0.0000  HBOND      =        0.0000
 1-4 VDW =        0.0000  1-4 EEL =        0.0000  RESTRAINT  =        0.0000


   NSTEP       ENERGY          RMS            GMAX         NAME    NUMBER
    300       4.9995E-02     4.5313E-01     1.3300E+00     O           2

 BOND    =        0.0000  ANGLE   =        0.0000  DIHED      =        0.0000
 VDWAALS =        0.0500  EEL     =        0.0000  HBOND      =        0.0000
 1-4 VDW =        0.0000  1-4 EEL =        0.0000  RESTRAINT  =        0.0000


   NSTEP       ENERGY          RMS            GMAX         NAME    NUMBER
    350       3.0672E-02     8.8504E-01     2.4339E+00     O           1

 BOND    =        0.0002  ANGLE   =        0.0000  DIHED      =        0.0000
 VDWAALS =        0.0305  EEL     =        0.0000  HBOND      =        0.0000
 1-4 VDW =        0.0000  1-4 EEL =        0.0000  RESTRAINT  =        0.0000


   NSTEP       ENERGY          RMS            GMAX         NAME    NUMBER
    400       1.3566E-02     3.9224E-01     7.7087E-01     H           5

 BOND    =        0.0002  ANGLE   =        0.0000  DIHED      =        0.0000
 VDWAALS =        0.0133  EEL     =        0.0000  HBOND      =        0.0000
 1-4 VDW =        0.0000  1-4 EEL =        0.0000  RESTRAINT  =        0.0000


   NSTEP       ENERGY          RMS            GMAX         NAME    NUMBER
    450      -6.8642E-04     7.5347E-01     1.3085E+00     H           5

 BOND    =        0.0007  ANGLE   =        0.0000  DIHED      =        0.0000
 VDWAALS =       -0.0014  EEL     =        0.0000  HBOND      =        0.0000
 1-4 VDW =        0.0000  1-4 EEL =        0.0000  RESTRAINT  =        0.0000


   NSTEP       ENERGY          RMS            GMAX         NAME    NUMBER
    500      -1.3642E-02     3.1928E-01     9.2534E-01     O           2

 BOND    =        0.0000  ANGLE   =        0.0000  DIHED      =        0.0000
 VDWAALS =       -0.0137  EEL     =        0.0000  HBOND      =        0.0000
 1-4 VDW =        0.0000  1-4 EEL =        0.0000  RESTRAINT  =        0.0000


   NSTEP       ENERGY          RMS            GMAX         NAME    NUMBER
    550      -2.4587E-02     6.4770E-01     1.7866E+00     O           2

 BOND    =        0.0001  ANGLE   =        0.0000  DIHED      =        0.0000
 VDWAALS =       -0.0247  EEL     =        0.0000  HBOND      =        0.0000
 1-4 VDW =        0.0000  1-4 EEL =        0.0000  RESTRAINT  =        0.0000


   NSTEP       ENERGY          RMS            GMAX         NAME    NUMBER
    600      -3.4092E-02     9.4709E-01     2.4516E+00     O           2

 BOND    =        0.0003  ANGLE   =        0.0000  DIHED      =        0.0000
 VDWAALS =       -0.0344  EEL     =        0.0000  HBOND      =        0.0000
 1-4 VDW =        0.0000  1-4 EEL =        0.0000  RESTRAINT  =        0.0000


   NSTEP       ENERGY          RMS            GMAX         NAME    NUMBER
    650      -4.3292E-02     5.6263E-01     9.9256E-01     H           5

 BOND    =        0.0004  ANGLE   =        0.0000  DIHED      =        0.0000
 VDWAALS =       -0.0437  EEL     =        0.0000  HBOND      =        0.0000
 1-4 VDW =        0.0000  1-4 EEL =        0.0000  RESTRAINT  =        0.0000


   NSTEP       ENERGY          RMS            GMAX         NAME    NUMBER
    700      -5.0863E-02     8.0566E-01     1.3121E+00     H           5

 BOND    =        0.0007  ANGLE   =        0.0000  DIHED      =        0.0000
 VDWAALS =       -0.0516  EEL     =        0.0000  HBOND      =        0.0000
 1-4 VDW =        0.0000  1-4 EEL =        0.0000  RESTRAINT  =        0.0000


   NSTEP       ENERGY          RMS            GMAX         NAME    NUMBER
    750      -5.8335E-02     2.9556E-01     8.6877E-01     O           2

 BOND    =        0.0000  ANGLE   =        0.0000  DIHED      =        0.0000
 VDWAALS =       -0.0583  EEL     =        0.0000  HBOND      =        0.0000
 1-4 VDW =        0.0000  1-4 EEL =        0.0000  RESTRAINT  =        0.0000


   NSTEP       ENERGY          RMS            GMAX         NAME    NUMBER
    800      -6.4384E-02     6.9616E-01     1.8212E+00     O           1

 BOND    =        0.0002  ANGLE   =        0.0000  DIHED      =        0.0000
 VDWAALS =       -0.0646  EEL     =        0.0000  HBOND      =        0.0000
 1-4 VDW =        0.0000  1-4 EEL =        0.0000  RESTRAINT  =        0.0000


   NSTEP       ENERGY          RMS            GMAX         NAME    NUMBER
    850      -7.0469E-02     2.3269E-01     4.6426E-01     H           5

 BOND    =        0.0001  ANGLE   =        0.0000  DIHED      =        0.0000
 VDWAALS =       -0.0706  EEL     =        0.0000  HBOND      =        0.0000
 1-4 VDW =        0.0000  1-4 EEL =        0.0000  RESTRAINT  =        0.0000


   NSTEP       ENERGY          RMS            GMAX         NAME    NUMBER
    900      -7.5733E-02     1.7487E-01     4.5178E-01     O           1

 BOND    =        0.0000  ANGLE   =        0.0000  DIHED      =        0.0000
 VDWAALS =       -0.0758  EEL     =        0.0000  HBOND      =        0.0000
 1-4 VDW =        0.0000  1-4 EEL =        0.0000  RESTRAINT  =        0.0000


   NSTEP       ENERGY          RMS            GMAX         NAME    NUMBER
    950      -8.0488E-02     3.5111E-01     9.9321E-01     O           2

 BOND    =        0.0000  ANGLE   =        0.0000  DIHED      =        0.0000
 VDWAALS =       -0.0805  EEL     =        0.0000  HBOND      =        0.0000
 1-4 VDW =        0.0000  1-4 EEL =        0.0000  RESTRAINT  =        0.0000


   NSTEP       ENERGY          RMS            GMAX         NAME    NUMBER
   1000      -8.4758E-02     5.1263E-01     1.3623E+00     O           2

 BOND    =        0.0001  ANGLE   =        0.0000  DIHED      =        0.0000
 VDWAALS =       -0.0848  EEL     =        0.0000  HBOND      =        0.0000
 1-4 VDW =        0.0000  1-4 EEL =        0.0000  RESTRAINT  =        0.0000


   NSTEP       ENERGY          RMS            GMAX         NAME    NUMBER
   1050      -8.8909E-02     1.5357E-01     2.8694E-01     H           3

 BOND    =        0.0000  ANGLE   =        0.0000  DIHED      =        0.0000
 VDWAALS =       -0.0889  EEL     =        0.0000  HBOND      =        0.0000
 1-4 VDW =        0.0000  1-4 EEL =        0.0000  RESTRAINT  =        0.0000


   NSTEP       ENERGY          RMS            GMAX         NAME    NUMBER
   1100      -9.2552E-02     4.3247E-01     7.4595E-01     H           3

 BOND    =        0.0002  ANGLE   =        0.0000  DIHED      =        0.0000
 VDWAALS =       -0.0928  EEL     =        0.0000  HBOND      =        0.0000
 1-4 VDW =        0.0000  1-4 EEL =        0.0000  RESTRAINT  =        0.0000


   NSTEP       ENERGY          RMS            GMAX         NAME    NUMBER
   1150      -9.6058E-02     1.3942E-01     3.4854E-01     O           2

 BOND    =        0.0000  ANGLE   =        0.0000  DIHED      =        0.0000
 VDWAALS =       -0.0961  EEL     =        0.0000  HBOND      =        0.0000
 1-4 VDW =        0.0000  1-4 EEL =        0.0000  RESTRAINT  =        0.0000


   NSTEP       ENERGY          RMS            GMAX         NAME    NUMBER
   1200      -9.9219E-02     3.8107E-01     1.0317E+00     O           2

 BOND    =        0.0000  ANGLE   =        0.0000  DIHED      =        0.0000
 VDWAALS =       -0.0993  EEL     =        0.0000  HBOND      =        0.0000
 1-4 VDW =        0.0000  1-4 EEL =        0.0000  RESTRAINT  =        0.0000


   NSTEP       ENERGY          RMS            GMAX         NAME    NUMBER
   1250      -1.0223E-01     1.6160E-01     3.2528E-01     H           3

 BOND    =        0.0000  ANGLE   =        0.0000  DIHED      =        0.0000
 VDWAALS =       -0.1023  EEL     =        0.0000  HBOND      =        0.0000
 1-4 VDW =        0.0000  1-4 EEL =        0.0000  RESTRAINT  =        0.0000


   NSTEP       ENERGY          RMS            GMAX         NAME    NUMBER
   1300      -1.0491E-01     3.1984E-01     5.7097E-01     H           3

 BOND    =        0.0001  ANGLE   =        0.0000  DIHED      =        0.0000
 VDWAALS =       -0.1050  EEL     =        0.0000  HBOND      =        0.0000
 1-4 VDW =        0.0000  1-4 EEL =        0.0000  RESTRAINT  =        0.0000


   NSTEP       ENERGY          RMS            GMAX         NAME    NUMBER
   1350      -1.0738E-01     4.6257E-01     7.6275E-01     H           3

 BOND    =        0.0002  ANGLE   =        0.0000  DIHED      =        0.0000
 VDWAALS =       -0.1076  EEL     =        0.0000  HBOND      =        0.0000
 1-4 VDW =        0.0000  1-4 EEL =        0.0000  RESTRAINT  =        0.0000


   NSTEP       ENERGY          RMS            GMAX         NAME    NUMBER
   1400      -1.0990E-01     1.5914E-01     4.6582E-01     O           2

 BOND    =        0.0000  ANGLE   =        0.0000  DIHED      =        0.0000
 VDWAALS =       -0.1099  EEL     =        0.0000  HBOND      =        0.0000
 1-4 VDW =        0.0000  1-4 EEL =        0.0000  RESTRAINT  =        0.0000


   NSTEP       ENERGY          RMS            GMAX         NAME    NUMBER
   1450      -1.1213E-01     1.1977E-01     2.3397E-01     H           3

 BOND    =        0.0000  ANGLE   =        0.0000  DIHED      =        0.0000
 VDWAALS =       -0.1122  EEL     =        0.0000  HBOND      =        0.0000
 1-4 VDW =        0.0000  1-4 EEL =        0.0000  RESTRAINT  =        0.0000


   NSTEP       ENERGY          RMS            GMAX         NAME    NUMBER
   1500      -1.1420E-01     1.4059E-01     2.8407E-01     H           3

 BOND    =        0.0000  ANGLE   =        0.0000  DIHED      =        0.0000
 VDWAALS =       -0.1142  EEL     =        0.0000  HBOND      =        0.0000
 1-4 VDW =        0.0000  1-4 EEL =        0.0000  RESTRAINT  =        0.0000


   NSTEP       ENERGY          RMS            GMAX         NAME    NUMBER
   1550      -1.1611E-01     3.4446E-01     5.8718E-01     H           3

 BOND    =        0.0001  ANGLE   =        0.0000  DIHED      =        0.0000
 VDWAALS =       -0.1162  EEL     =        0.0000  HBOND      =        0.0000
 1-4 VDW =        0.0000  1-4 EEL =        0.0000  RESTRAINT  =        0.0000


   NSTEP       ENERGY          RMS            GMAX         NAME    NUMBER
   1600      -1.1799E-01     1.0276E-01     2.5957E-01     O           1

 BOND    =        0.0000  ANGLE   =        0.0000  DIHED      =        0.0000
 VDWAALS =       -0.1180  EEL     =        0.0000  HBOND      =        0.0000
 1-4 VDW =        0.0000  1-4 EEL =        0.0000  RESTRAINT  =        0.0000


   NSTEP       ENERGY          RMS            GMAX         NAME    NUMBER
   1650      -1.1969E-01     3.1795E-01     8.4288E-01     O           1

 BOND    =        0.0000  ANGLE   =        0.0000  DIHED      =        0.0000
 VDWAALS =       -0.1197  EEL     =        0.0000  HBOND      =        0.0000
 1-4 VDW =        0.0000  1-4 EEL =        0.0000  RESTRAINT  =        0.0000


   NSTEP       ENERGY          RMS            GMAX         NAME    NUMBER
   1700      -1.2134E-01     9.6684E-02     1.8025E-01     H           5

 BOND    =        0.0000  ANGLE   =        0.0000  DIHED      =        0.0000
 VDWAALS =       -0.1214  EEL     =        0.0000  HBOND      =        0.0000
 1-4 VDW =        0.0000  1-4 EEL =        0.0000  RESTRAINT  =        0.0000


   NSTEP       ENERGY          RMS            GMAX         NAME    NUMBER
   1750      -1.2284E-01     2.4807E-01     4.4217E-01     H           3

 BOND    =        0.0001  ANGLE   =        0.0000  DIHED      =        0.0000
 VDWAALS =       -0.1229  EEL     =        0.0000  HBOND      =        0.0000
 1-4 VDW =        0.0000  1-4 EEL =        0.0000  RESTRAINT  =        0.0000


   NSTEP       ENERGY          RMS            GMAX         NAME    NUMBER
   1800      -1.2423E-01     3.6261E-01     5.9687E-01     H           5

 BOND    =        0.0001  ANGLE   =        0.0000  DIHED      =        0.0000
 VDWAALS =       -0.1244  EEL     =        0.0000  HBOND      =        0.0000
 1-4 VDW =        0.0000  1-4 EEL =        0.0000  RESTRAINT  =        0.0000


   NSTEP       ENERGY          RMS            GMAX         NAME    NUMBER
   1850      -1.2568E-01     1.3951E-01     4.0623E-01     O           1

 BOND    =        0.0000  ANGLE   =        0.0000  DIHED      =        0.0000
 VDWAALS =       -0.1257  EEL     =        0.0000  HBOND      =        0.0000
 1-4 VDW =        0.0000  1-4 EEL =        0.0000  RESTRAINT  =        0.0000


   NSTEP       ENERGY          RMS            GMAX         NAME    NUMBER
   1900      -1.2690E-01     3.1297E-01     8.1355E-01     O           2

 BOND    =        0.0000  ANGLE   =        0.0000  DIHED      =        0.0000
 VDWAALS =       -0.1269  EEL     =        0.0000  HBOND      =        0.0000
 1-4 VDW =        0.0000  1-4 EEL =        0.0000  RESTRAINT  =        0.0000


   NSTEP       ENERGY          RMS            GMAX         NAME    NUMBER
   1950      -1.2818E-01     1.0759E-01     2.1867E-01     H           3

 BOND    =        0.0000  ANGLE   =        0.0000  DIHED      =        0.0000
 VDWAALS =       -0.1282  EEL     =        0.0000  HBOND      =        0.0000
 1-4 VDW =        0.0000  1-4 EEL =        0.0000  RESTRAINT  =        0.0000


   NSTEP       ENERGY          RMS            GMAX         NAME    NUMBER
   2000      -1.2930E-01     2.6900E-01     4.5957E-01     H           3

 BOND    =        0.0001  ANGLE   =        0.0000  DIHED      =        0.0000
 VDWAALS =       -0.1294  EEL     =        0.0000  HBOND      =        0.0000
 1-4 VDW =        0.0000  1-4 EEL =        0.0000  RESTRAINT  =        0.0000


   NSTEP       ENERGY          RMS            GMAX         NAME    NUMBER
   2050      -1.3043E-01     7.9409E-02     1.9934E-01     O           2

 BOND    =        0.0000  ANGLE   =        0.0000  DIHED      =        0.0000
 VDWAALS =       -0.1304  EEL     =        0.0000  HBOND      =        0.0000
 1-4 VDW =        0.0000  1-4 EEL =        0.0000  RESTRAINT  =        0.0000


   NSTEP       ENERGY          RMS            GMAX         NAME    NUMBER
   2100      -1.3144E-01     2.4023E-01     6.3827E-01     O           2

 BOND    =        0.0000  ANGLE   =        0.0000  DIHED      =        0.0000
 VDWAALS =       -0.1315  EEL     =        0.0000  HBOND      =        0.0000
 1-4 VDW =        0.0000  1-4 EEL =        0.0000  RESTRAINT  =        0.0000


   NSTEP       ENERGY          RMS            GMAX         NAME    NUMBER
   2150      -1.3243E-01     1.0956E-01     2.2078E-01     H           3

 BOND    =        0.0000  ANGLE   =        0.0000  DIHED      =        0.0000
 VDWAALS =       -0.1325  EEL     =        0.0000  HBOND      =        0.0000
 1-4 VDW =        0.0000  1-4 EEL =        0.0000  RESTRAINT  =        0.0000


   NSTEP       ENERGY          RMS            GMAX         NAME    NUMBER
   2200      -1.3336E-01     1.9269E-01     3.4581E-01     H           3

 BOND    =        0.0000  ANGLE   =        0.0000  DIHED      =        0.0000
 VDWAALS =       -0.1334  EEL     =        0.0000  HBOND      =        0.0000
 1-4 VDW =        0.0000  1-4 EEL =        0.0000  RESTRAINT  =        0.0000


   NSTEP       ENERGY          RMS            GMAX         NAME    NUMBER
   2250      -1.3422E-01     2.8150E-01     4.6659E-01     H           3

 BOND    =        0.0001  ANGLE   =        0.0000  DIHED      =        0.0000
 VDWAALS =       -0.1343  EEL     =        0.0000  HBOND      =        0.0000
 1-4 VDW =        0.0000  1-4 EEL =        0.0000  RESTRAINT  =        0.0000


   NSTEP       ENERGY          RMS            GMAX         NAME    NUMBER
   2300      -1.3512E-01     1.0036E-01     2.9290E-01     O           2

 BOND    =        0.0000  ANGLE   =        0.0000  DIHED      =        0.0000
 VDWAALS =       -0.1351  EEL     =        0.0000  HBOND      =        0.0000
 1-4 VDW =        0.0000  1-4 EEL =        0.0000  RESTRAINT  =        0.0000


   NSTEP       ENERGY          RMS            GMAX         NAME    NUMBER
   2350      -1.3594E-01     7.2949E-02     1.4441E-01     H           3

 BOND    =        0.0000  ANGLE   =        0.0000  DIHED      =        0.0000
 VDWAALS =       -0.1359  EEL     =        0.0000  HBOND      =        0.0000
 1-4 VDW =        0.0000  1-4 EEL =        0.0000  RESTRAINT  =        0.0000


   NSTEP       ENERGY          RMS            GMAX         NAME    NUMBER
   2400      -1.3671E-01     8.7056E-02     1.7764E-01     H           3

 BOND    =        0.0000  ANGLE   =        0.0000  DIHED      =        0.0000
 VDWAALS =       -0.1367  EEL     =        0.0000  HBOND      =        0.0000
 1-4 VDW =        0.0000  1-4 EEL =        0.0000  RESTRAINT  =        0.0000


   NSTEP       ENERGY          RMS            GMAX         NAME    NUMBER
   2450      -1.3743E-01     2.0891E-01     3.6045E-01     H           5

 BOND    =        0.0001  ANGLE   =        0.0000  DIHED      =        0.0000
 VDWAALS =       -0.1375  EEL     =        0.0000  HBOND      =        0.0000
 1-4 VDW =        0.0000  1-4 EEL =        0.0000  RESTRAINT  =        0.0000


   NSTEP       ENERGY          RMS            GMAX         NAME    NUMBER
   2500      -1.3815E-01     6.3546E-02     1.5774E-01     O           1

 BOND    =        0.0000  ANGLE   =        0.0000  DIHED      =        0.0000
 VDWAALS =       -0.1382  EEL     =        0.0000  HBOND      =        0.0000
 1-4 VDW =        0.0000  1-4 EEL =        0.0000  RESTRAINT  =        0.0000


                    FINAL RESULTS



   NSTEP       ENERGY          RMS            GMAX         NAME    NUMBER
   2525      -1.5800E-01     5.9607E-05     1.2240E-04     O           2

 BOND    =        0.0000  ANGLE   =        0.0000  DIHED      =        0.0000
 VDWAALS =       -0.1580  EEL     =        0.0000  HBOND      =        0.0000
 1-4 VDW =        0.0000  1-4 EEL =        0.0000  RESTRAINT  =        0.0000

--------------------------------------------------------------------------------
   5.  TIMINGS
--------------------------------------------------------------------------------

|    Read coords time           0.00 ( 0.16% of Total)
|    Fast Water setup           0.00 ( 0.01% of Total)
|                Build the list             0.00 (81.04% of List )
|                Other                      0.00 (18.96% of List )
|             List time                  0.00 ( 4.81% of Nonbo)
|                   Short_ene time             0.02 (96.12% of Direc)
|                   Other                      0.00 ( 3.88% of Direc)
|                Direct Ewald time          0.02 (93.79% of Ewald)
|                Force Adjust               0.00 ( 0.61% of Ewald)
|                Virial junk                0.00 ( 1.17% of Ewald)
|                Start synchronizatio       0.00 ( 1.49% of Ewald)
|                Other                      0.00 ( 2.94% of Ewald)
|             Ewald time                 0.02 (92.03% of Nonbo)
|             IPS excludes               0.00 ( 0.50% of Nonbo)
|             Other                      0.00 ( 2.66% of Nonbo)
|          Nonbond force              0.03 (72.72% of Force)
|          Bond/Angle/Dihedral        0.00 ( 5.39% of Force)
|          Other                      0.01 (21.89% of Force)
|       Force time                 0.04 (100.0% of Runmd)
|    Runmd Time                 0.04 (34.53% of Total)
|    Other                      0.07 (65.31% of Total)
| Total time                 0.11 (88.54% of ALL  )

| Number of list builds   :          1

| Highest rstack allocated:         15
| Highest istack allocated:          3
|           Job began  at 15:45:34.880  on 02/16/2018
|           Setup done at 15:45:34.968  on 02/16/2018
|           Run   done at 15:45:35.012  on 02/16/2018
|     wallclock() was called   58110 times
