
          -------------------------------------------------------
          Amber 14 SANDER                              2014
          -------------------------------------------------------

| Run on 02/16/2018 at 16:05:13

|   Executable path: sander
| Working directory: /home/student/pandey/Trimer
|          Hostname: linux-n4sg

  [-O]verwriting output

File Assignments:
|  MDIN: min.in                                                                
| MDOUT: min.out                                                               
|INPCRD: water.inpcrd                                                          
|  PARM: water.prmtop                                                          
|RESTRT: min.rst                                                               
|  REFC: refc                                                                  
| MDVEL: mdvel                                                                 
| MDFRC: mdfrc                                                                 
|  MDEN: mden                                                                  
| MDCRD: mdcrd                                                                 
|MDINFO: mdinfo                                                                
|  MTMD: mtmd                                                                  
|INPDIP: inpdip                                                                
|RSTDIP: rstdip                                                                
|INPTRA: inptraj                                                               


 Here is the input file:

Test run 1                                                                     
 &cntrl                                                                        
  imin = 1,                                                                    
  ncyc = 2500,                                                                 
  maxcyc = 5000,                                                               
  cut = 15,                                                                    
  ntb = 0,                                                                     
  igb = 0,                                                                     
 &end                                                                          

--------------------------------------------------------------------------------
   1.  RESOURCE   USE: 
--------------------------------------------------------------------------------

| Flags:                                                                        
|    NONPERIODIC   ntb=0 and igb=0: Setting up nonperiodic simulation
|  *** cutoff > system size, list only builds once
|Largest sphere to fit in unit cell has radius =    30.000
| New format PARM file being parsed.
| Version =    1.000 Date = 02/16/18 Time = 16:04:48
 NATOM  =       9 NTYPES =       2 NBONH =       6 MBONA  =       0
 NTHETH =       3 MTHETA =       0 NPHIH =       0 MPHIA  =       0
 NHPARM =       0 NPARM  =       0 NNB   =      12 NRES   =       1
 NBONA  =       0 NTHETA =       0 NPHIA =       0 NUMBND =       1
 NUMANG =       1 NPTRA  =       0 NATYP =       2 NPHB   =       0
 IFBOX  =       0 NMXRS  =       9 IFCAP =       0 NEXTRA =       0
 NCOPY  =       0


|     Memory Use     Allocated
|     Real                3013
|     Hollerith             30
|     Integer            20206
|     Max Pairs             36
|     nblistReal           108
|     nblist Int        150986
|       Total              693 kbytes

| Note: 1-4 EEL scale factors are being read from the topology file.

| Note: 1-4 VDW scale factors are being read from the topology file.
| Duplicated    0 dihedrals
| Duplicated    0 dihedrals

--------------------------------------------------------------------------------
   2.  CONTROL  DATA  FOR  THE  RUN
--------------------------------------------------------------------------------

WAT1                                                                            

General flags:
     imin    =       1, nmropt  =       0

Nature and format of input:
     ntx     =       1, irest   =       0, ntrx    =       1

Nature and format of output:
     ntxo    =       1, ntpr    =      50, ntrx    =       1, ntwr    =     500
     iwrap   =       0, ntwx    =       0, ntwv    =       0, ntwe    =       0
     ioutfm  =       0, ntwprt  =       0, idecomp =       0, rbornstat=      0

Potential function:
     ntf     =       1, ntb     =       0, igb     =       0, nsnb    =      25
     ipol    =       0, gbsa    =       0, iesp    =       0
     dielc   =   1.00000, cut     =  15.00000, intdiel =   1.00000

Frozen or restrained atoms:
     ibelly  =       0, ntr     =       0

Energy minimization:
     maxcyc  =    5000, ncyc    =    2500, ntmin   =       1
     dx0     =   0.01000, drms    =   0.00010
|  INFO: Old style inpcrd file read


--------------------------------------------------------------------------------
   3.  ATOMIC COORDINATES AND VELOCITIES
--------------------------------------------------------------------------------

WAT1                                                                            
 begin time read from input coords =     0.000 ps

 Number of triangulated 3-point waters found:        0

     Sum of charges from parm topology file =   0.00000000
     Forcing neutrality...

--------------------------------------------------------------------------------
   4.  RESULTS
--------------------------------------------------------------------------------

 ---------------------------------------------------

     eedmeth=4: Setting switch to one everywhere

 ---------------------------------------------------
| Local SIZE OF NONBOND LIST =         27
| TOTAL SIZE OF NONBOND LIST =         27


   NSTEP       ENERGY          RMS            GMAX         NAME    NUMBER
      1       4.7146E+01     6.5163E+01     1.4395E+02     O           3

 BOND    =        0.1322  ANGLE   =       46.0572  DIHED      =        0.0000
 VDWAALS =        0.9571  EEL     =        0.0000  HBOND      =        0.0000
 1-4 VDW =        0.0000  1-4 EEL =        0.0000  RESTRAINT  =        0.0000


   NSTEP       ENERGY          RMS            GMAX         NAME    NUMBER
     50       4.1371E-01     2.7336E+00     6.9767E+00     O           3

 BOND    =        0.0032  ANGLE   =        0.0001  DIHED      =        0.0000
 VDWAALS =        0.4104  EEL     =        0.0000  HBOND      =        0.0000
 1-4 VDW =        0.0000  1-4 EEL =        0.0000  RESTRAINT  =        0.0000


   NSTEP       ENERGY          RMS            GMAX         NAME    NUMBER
    100       2.6215E-01     9.6492E-01     2.2048E+00     H           9

 BOND    =        0.0022  ANGLE   =        0.0001  DIHED      =        0.0000
 VDWAALS =        0.2599  EEL     =        0.0000  HBOND      =        0.0000
 1-4 VDW =        0.0000  1-4 EEL =        0.0000  RESTRAINT  =        0.0000


   NSTEP       ENERGY          RMS            GMAX         NAME    NUMBER
    150       1.5772E-01     2.3813E+00     4.5254E+00     H           9

 BOND    =        0.0093  ANGLE   =        0.0001  DIHED      =        0.0000
 VDWAALS =        0.1483  EEL     =        0.0000  HBOND      =        0.0000
 1-4 VDW =        0.0000  1-4 EEL =        0.0000  RESTRAINT  =        0.0000


   NSTEP       ENERGY          RMS            GMAX         NAME    NUMBER
    200       6.8156E-02     1.4071E+00     3.7057E+00     O           3

 BOND    =        0.0005  ANGLE   =        0.0000  DIHED      =        0.0000
 VDWAALS =        0.0676  EEL     =        0.0000  HBOND      =        0.0000
 1-4 VDW =        0.0000  1-4 EEL =        0.0000  RESTRAINT  =        0.0000


   NSTEP       ENERGY          RMS            GMAX         NAME    NUMBER
    250       2.3247E-03     2.0755E+00     5.0483E+00     O           3

 BOND    =        0.0024  ANGLE   =        0.0000  DIHED      =        0.0000
 VDWAALS =       -0.0001  EEL     =        0.0000  HBOND      =        0.0000
 1-4 VDW =        0.0000  1-4 EEL =        0.0000  RESTRAINT  =        0.0000


   NSTEP       ENERGY          RMS            GMAX         NAME    NUMBER
    300      -5.6137E-02     1.2051E+00     2.4505E+00     H           9

 BOND    =        0.0027  ANGLE   =        0.0000  DIHED      =        0.0000
 VDWAALS =       -0.0589  EEL     =        0.0000  HBOND      =        0.0000
 1-4 VDW =        0.0000  1-4 EEL =        0.0000  RESTRAINT  =        0.0000


   NSTEP       ENERGY          RMS            GMAX         NAME    NUMBER
    350      -1.0317E-01     5.6117E-01     1.5908E+00     O           3

 BOND    =        0.0000  ANGLE   =        0.0000  DIHED      =        0.0000
 VDWAALS =       -0.1032  EEL     =        0.0000  HBOND      =        0.0000
 1-4 VDW =        0.0000  1-4 EEL =        0.0000  RESTRAINT  =        0.0000


   NSTEP       ENERGY          RMS            GMAX         NAME    NUMBER
    400      -1.4128E-01     1.0520E+00     2.7079E+00     O           3

 BOND    =        0.0004  ANGLE   =        0.0000  DIHED      =        0.0000
 VDWAALS =       -0.1417  EEL     =        0.0000  HBOND      =        0.0000
 1-4 VDW =        0.0000  1-4 EEL =        0.0000  RESTRAINT  =        0.0000


   NSTEP       ENERGY          RMS            GMAX         NAME    NUMBER
    450      -1.7458E-01     3.4905E-01     7.1751E-01     H           9

 BOND    =        0.0002  ANGLE   =        0.0000  DIHED      =        0.0000
 VDWAALS =       -0.1748  EEL     =        0.0000  HBOND      =        0.0000
 1-4 VDW =        0.0000  1-4 EEL =        0.0000  RESTRAINT  =        0.0000


   NSTEP       ENERGY          RMS            GMAX         NAME    NUMBER
    500      -2.0269E-01     9.0271E-01     1.8262E+00     H           9

 BOND    =        0.0015  ANGLE   =        0.0000  DIHED      =        0.0000
 VDWAALS =       -0.2042  EEL     =        0.0000  HBOND      =        0.0000
 1-4 VDW =        0.0000  1-4 EEL =        0.0000  RESTRAINT  =        0.0000


   NSTEP       ENERGY          RMS            GMAX         NAME    NUMBER
    550      -2.2762E-01     4.2107E-01     1.1868E+00     O           3

 BOND    =        0.0000  ANGLE   =        0.0000  DIHED      =        0.0000
 VDWAALS =       -0.2276  EEL     =        0.0000  HBOND      =        0.0000
 1-4 VDW =        0.0000  1-4 EEL =        0.0000  RESTRAINT  =        0.0000


   NSTEP       ENERGY          RMS            GMAX         NAME    NUMBER
    600      -2.4856E-01     7.6667E-01     1.9686E+00     O           1

 BOND    =        0.0002  ANGLE   =        0.0000  DIHED      =        0.0000
 VDWAALS =       -0.2488  EEL     =        0.0000  HBOND      =        0.0000
 1-4 VDW =        0.0000  1-4 EEL =        0.0000  RESTRAINT  =        0.0000


   NSTEP       ENERGY          RMS            GMAX         NAME    NUMBER
    650      -2.6767E-01     3.3357E-01     7.5676E-01     H           9

 BOND    =        0.0003  ANGLE   =        0.0000  DIHED      =        0.0000
 VDWAALS =       -0.2679  EEL     =        0.0000  HBOND      =        0.0000
 1-4 VDW =        0.0000  1-4 EEL =        0.0000  RESTRAINT  =        0.0000


   NSTEP       ENERGY          RMS            GMAX         NAME    NUMBER
    700      -2.8391E-01     6.4908E-01     1.3338E+00     H           9

 BOND    =        0.0008  ANGLE   =        0.0000  DIHED      =        0.0000
 VDWAALS =       -0.2847  EEL     =        0.0000  HBOND      =        0.0000
 1-4 VDW =        0.0000  1-4 EEL =        0.0000  RESTRAINT  =        0.0000


   NSTEP       ENERGY          RMS            GMAX         NAME    NUMBER
    750      -2.9800E-01     9.5763E-01     1.8235E+00     H           9

 BOND    =        0.0015  ANGLE   =        0.0000  DIHED      =        0.0000
 VDWAALS =       -0.2995  EEL     =        0.0000  HBOND      =        0.0000
 1-4 VDW =        0.0000  1-4 EEL =        0.0000  RESTRAINT  =        0.0000


   NSTEP       ENERGY          RMS            GMAX         NAME    NUMBER
    800      -3.1169E-01     5.6236E-01     1.4751E+00     O           1

 BOND    =        0.0001  ANGLE   =        0.0000  DIHED      =        0.0000
 VDWAALS =       -0.3118  EEL     =        0.0000  HBOND      =        0.0000
 1-4 VDW =        0.0000  1-4 EEL =        0.0000  RESTRAINT  =        0.0000


   NSTEP       ENERGY          RMS            GMAX         NAME    NUMBER
    850      -3.2307E-01     8.0992E-01     2.0210E+00     O           1

 BOND    =        0.0003  ANGLE   =        0.0000  DIHED      =        0.0000
 VDWAALS =       -0.3234  EEL     =        0.0000  HBOND      =        0.0000
 1-4 VDW =        0.0000  1-4 EEL =        0.0000  RESTRAINT  =        0.0000


   NSTEP       ENERGY          RMS            GMAX         NAME    NUMBER
    900      -3.3433E-01     3.0066E-01     6.7756E-01     H           9

 BOND    =        0.0002  ANGLE   =        0.0000  DIHED      =        0.0000
 VDWAALS =       -0.3345  EEL     =        0.0000  HBOND      =        0.0000
 1-4 VDW =        0.0000  1-4 EEL =        0.0000  RESTRAINT  =        0.0000


   NSTEP       ENERGY          RMS            GMAX         NAME    NUMBER
    950      -3.4338E-01     6.9953E-01     1.3594E+00     H           9

 BOND    =        0.0008  ANGLE   =        0.0000  DIHED      =        0.0000
 VDWAALS =       -0.3442  EEL     =        0.0000  HBOND      =        0.0000
 1-4 VDW =        0.0000  1-4 EEL =        0.0000  RESTRAINT  =        0.0000


   NSTEP       ENERGY          RMS            GMAX         NAME    NUMBER
   1000      -3.5251E-01     2.3552E-01     6.5648E-01     O           3

 BOND    =        0.0000  ANGLE   =        0.0000  DIHED      =        0.0000
 VDWAALS =       -0.3525  EEL     =        0.0000  HBOND      =        0.0000
 1-4 VDW =        0.0000  1-4 EEL =        0.0000  RESTRAINT  =        0.0000


   NSTEP       ENERGY          RMS            GMAX         NAME    NUMBER
   1050      -3.6041E-01     1.7688E-01     3.6954E-01     H           9

 BOND    =        0.0001  ANGLE   =        0.0000  DIHED      =        0.0000
 VDWAALS =       -0.3605  EEL     =        0.0000  HBOND      =        0.0000
 1-4 VDW =        0.0000  1-4 EEL =        0.0000  RESTRAINT  =        0.0000


   NSTEP       ENERGY          RMS            GMAX         NAME    NUMBER
   1100      -3.6756E-01     2.1606E-01     4.9026E-01     H           9

 BOND    =        0.0001  ANGLE   =        0.0000  DIHED      =        0.0000
 VDWAALS =       -0.3677  EEL     =        0.0000  HBOND      =        0.0000
 1-4 VDW =        0.0000  1-4 EEL =        0.0000  RESTRAINT  =        0.0000


   NSTEP       ENERGY          RMS            GMAX         NAME    NUMBER
   1150      -3.7396E-01     5.1274E-01     1.0210E+00     H           9

 BOND    =        0.0005  ANGLE   =        0.0000  DIHED      =        0.0000
 VDWAALS =       -0.3744  EEL     =        0.0000  HBOND      =        0.0000
 1-4 VDW =        0.0000  1-4 EEL =        0.0000  RESTRAINT  =        0.0000


   NSTEP       ENERGY          RMS            GMAX         NAME    NUMBER
   1200      -3.8017E-01     1.5594E-01     4.0022E-01     O           3

 BOND    =        0.0000  ANGLE   =        0.0000  DIHED      =        0.0000
 VDWAALS =       -0.3802  EEL     =        0.0000  HBOND      =        0.0000
 1-4 VDW =        0.0000  1-4 EEL =        0.0000  RESTRAINT  =        0.0000


   NSTEP       ENERGY          RMS            GMAX         NAME    NUMBER
   1250      -3.8557E-01     4.3777E-01     1.1484E+00     O           1

 BOND    =        0.0001  ANGLE   =        0.0000  DIHED      =        0.0000
 VDWAALS =       -0.3856  EEL     =        0.0000  HBOND      =        0.0000
 1-4 VDW =        0.0000  1-4 EEL =        0.0000  RESTRAINT  =        0.0000


   NSTEP       ENERGY          RMS            GMAX         NAME    NUMBER
   1300      -3.9080E-01     1.3860E-01     2.7575E-01     H           9

 BOND    =        0.0000  ANGLE   =        0.0000  DIHED      =        0.0000
 VDWAALS =       -0.3908  EEL     =        0.0000  HBOND      =        0.0000
 1-4 VDW =        0.0000  1-4 EEL =        0.0000  RESTRAINT  =        0.0000


   NSTEP       ENERGY          RMS            GMAX         NAME    NUMBER
   1350      -3.9552E-01     3.8871E-01     7.9131E-01     H           9

 BOND    =        0.0003  ANGLE   =        0.0000  DIHED      =        0.0000
 VDWAALS =       -0.3958  EEL     =        0.0000  HBOND      =        0.0000
 1-4 VDW =        0.0000  1-4 EEL =        0.0000  RESTRAINT  =        0.0000


   NSTEP       ENERGY          RMS            GMAX         NAME    NUMBER
   1400      -3.9998E-01     1.7344E-01     4.8422E-01     O           1

 BOND    =        0.0000  ANGLE   =        0.0000  DIHED      =        0.0000
 VDWAALS =       -0.4000  EEL     =        0.0000  HBOND      =        0.0000
 1-4 VDW =        0.0000  1-4 EEL =        0.0000  RESTRAINT  =        0.0000


   NSTEP       ENERGY          RMS            GMAX         NAME    NUMBER
   1450      -4.0397E-01     3.1915E-01     8.6071E-01     O           1

 BOND    =        0.0000  ANGLE   =        0.0000  DIHED      =        0.0000
 VDWAALS =       -0.4040  EEL     =        0.0000  HBOND      =        0.0000
 1-4 VDW =        0.0000  1-4 EEL =        0.0000  RESTRAINT  =        0.0000


   NSTEP       ENERGY          RMS            GMAX         NAME    NUMBER
   1500      -4.0761E-01     4.6623E-01     1.1984E+00     O           1

 BOND    =        0.0001  ANGLE   =        0.0000  DIHED      =        0.0000
 VDWAALS =       -0.4077  EEL     =        0.0000  HBOND      =        0.0000
 1-4 VDW =        0.0000  1-4 EEL =        0.0000  RESTRAINT  =        0.0000


   NSTEP       ENERGY          RMS            GMAX         NAME    NUMBER
   1550      -4.1133E-01     1.6946E-01     3.8388E-01     H           9

 BOND    =        0.0001  ANGLE   =        0.0000  DIHED      =        0.0000
 VDWAALS =       -0.4114  EEL     =        0.0000  HBOND      =        0.0000
 1-4 VDW =        0.0000  1-4 EEL =        0.0000  RESTRAINT  =        0.0000


   NSTEP       ENERGY          RMS            GMAX         NAME    NUMBER
   1600      -4.1444E-01     4.0535E-01     7.9826E-01     H           9

 BOND    =        0.0003  ANGLE   =        0.0000  DIHED      =        0.0000
 VDWAALS =       -0.4147  EEL     =        0.0000  HBOND      =        0.0000
 1-4 VDW =        0.0000  1-4 EEL =        0.0000  RESTRAINT  =        0.0000


   NSTEP       ENERGY          RMS            GMAX         NAME    NUMBER
   1650      -4.1763E-01     1.3908E-01     3.8846E-01     O           1

 BOND    =        0.0000  ANGLE   =        0.0000  DIHED      =        0.0000
 VDWAALS =       -0.4176  EEL     =        0.0000  HBOND      =        0.0000
 1-4 VDW =        0.0000  1-4 EEL =        0.0000  RESTRAINT  =        0.0000


   NSTEP       ENERGY          RMS            GMAX         NAME    NUMBER
   1700      -4.2041E-01     3.4433E-01     9.0904E-01     O           1

 BOND    =        0.0001  ANGLE   =        0.0000  DIHED      =        0.0000
 VDWAALS =       -0.4205  EEL     =        0.0000  HBOND      =        0.0000
 1-4 VDW =        0.0000  1-4 EEL =        0.0000  RESTRAINT  =        0.0000


   NSTEP       ENERGY          RMS            GMAX         NAME    NUMBER
   1750      -4.2315E-01     1.0295E-01     2.1272E-01     H           9

 BOND    =        0.0000  ANGLE   =        0.0000  DIHED      =        0.0000
 VDWAALS =       -0.4232  EEL     =        0.0000  HBOND      =        0.0000
 1-4 VDW =        0.0000  1-4 EEL =        0.0000  RESTRAINT  =        0.0000


   NSTEP       ENERGY          RMS            GMAX         NAME    NUMBER
   1800      -4.2559E-01     2.9224E-01     5.9573E-01     H           9

 BOND    =        0.0002  ANGLE   =        0.0000  DIHED      =        0.0000
 VDWAALS =       -0.4257  EEL     =        0.0000  HBOND      =        0.0000
 1-4 VDW =        0.0000  1-4 EEL =        0.0000  RESTRAINT  =        0.0000


   NSTEP       ENERGY          RMS            GMAX         NAME    NUMBER
   1850      -4.2799E-01     9.4049E-02     2.2784E-01     O           3

 BOND    =        0.0000  ANGLE   =        0.0000  DIHED      =        0.0000
 VDWAALS =       -0.4280  EEL     =        0.0000  HBOND      =        0.0000
 1-4 VDW =        0.0000  1-4 EEL =        0.0000  RESTRAINT  =        0.0000


   NSTEP       ENERGY          RMS            GMAX         NAME    NUMBER
   1900      -4.3018E-01     2.5104E-01     6.8238E-01     O           1

 BOND    =        0.0000  ANGLE   =        0.0000  DIHED      =        0.0000
 VDWAALS =       -0.4302  EEL     =        0.0000  HBOND      =        0.0000
 1-4 VDW =        0.0000  1-4 EEL =        0.0000  RESTRAINT  =        0.0000


   NSTEP       ENERGY          RMS            GMAX         NAME    NUMBER
   1950      -4.3217E-01     3.6642E-01     9.5139E-01     O           1

 BOND    =        0.0001  ANGLE   =        0.0000  DIHED      =        0.0000
 VDWAALS =       -0.4322  EEL     =        0.0000  HBOND      =        0.0000
 1-4 VDW =        0.0000  1-4 EEL =        0.0000  RESTRAINT  =        0.0000


   NSTEP       ENERGY          RMS            GMAX         NAME    NUMBER
   2000      -4.3422E-01     2.2075E-01     4.6345E-01     H           9

 BOND    =        0.0001  ANGLE   =        0.0000  DIHED      =        0.0000
 VDWAALS =       -0.4343  EEL     =        0.0000  HBOND      =        0.0000
 1-4 VDW =        0.0000  1-4 EEL =        0.0000  RESTRAINT  =        0.0000


   NSTEP       ENERGY          RMS            GMAX         NAME    NUMBER
   2050      -4.3595E-01     3.1241E-01     6.1715E-01     H           9

 BOND    =        0.0002  ANGLE   =        0.0000  DIHED      =        0.0000
 VDWAALS =       -0.4361  EEL     =        0.0000  HBOND      =        0.0000
 1-4 VDW =        0.0000  1-4 EEL =        0.0000  RESTRAINT  =        0.0000


   NSTEP       ENERGY          RMS            GMAX         NAME    NUMBER
   2100      -4.3777E-01     1.0605E-01     2.9992E-01     O           1

 BOND    =        0.0000  ANGLE   =        0.0000  DIHED      =        0.0000
 VDWAALS =       -0.4378  EEL     =        0.0000  HBOND      =        0.0000
 1-4 VDW =        0.0000  1-4 EEL =        0.0000  RESTRAINT  =        0.0000


   NSTEP       ENERGY          RMS            GMAX         NAME    NUMBER
   2150      -4.3936E-01     2.6220E-01     7.0213E-01     O           1

 BOND    =        0.0000  ANGLE   =        0.0000  DIHED      =        0.0000
 VDWAALS =       -0.4394  EEL     =        0.0000  HBOND      =        0.0000
 1-4 VDW =        0.0000  1-4 EEL =        0.0000  RESTRAINT  =        0.0000


   NSTEP       ENERGY          RMS            GMAX         NAME    NUMBER
   2200      -4.4095E-01     1.4896E-01     3.2800E-01     H           9

 BOND    =        0.0000  ANGLE   =        0.0000  DIHED      =        0.0000
 VDWAALS =       -0.4410  EEL     =        0.0000  HBOND      =        0.0000
 1-4 VDW =        0.0000  1-4 EEL =        0.0000  RESTRAINT  =        0.0000


   NSTEP       ENERGY          RMS            GMAX         NAME    NUMBER
   2250      -4.4236E-01     2.2933E-01     4.6859E-01     H           9

 BOND    =        0.0001  ANGLE   =        0.0000  DIHED      =        0.0000
 VDWAALS =       -0.4425  EEL     =        0.0000  HBOND      =        0.0000
 1-4 VDW =        0.0000  1-4 EEL =        0.0000  RESTRAINT  =        0.0000


   NSTEP       ENERGY          RMS            GMAX         NAME    NUMBER
   2300      -4.4377E-01     7.2153E-02     1.7366E-01     O           3

 BOND    =        0.0000  ANGLE   =        0.0000  DIHED      =        0.0000
 VDWAALS =       -0.4438  EEL     =        0.0000  HBOND      =        0.0000
 1-4 VDW =        0.0000  1-4 EEL =        0.0000  RESTRAINT  =        0.0000


   NSTEP       ENERGY          RMS            GMAX         NAME    NUMBER
   2350      -4.4508E-01     1.9833E-01     5.4480E-01     O           1

 BOND    =        0.0000  ANGLE   =        0.0000  DIHED      =        0.0000
 VDWAALS =       -0.4451  EEL     =        0.0000  HBOND      =        0.0000
 1-4 VDW =        0.0000  1-4 EEL =        0.0000  RESTRAINT  =        0.0000


   NSTEP       ENERGY          RMS            GMAX         NAME    NUMBER
   2400      -4.4626E-01     2.8914E-01     7.5986E-01     O           1

 BOND    =        0.0000  ANGLE   =        0.0000  DIHED      =        0.0000
 VDWAALS =       -0.4463  EEL     =        0.0000  HBOND      =        0.0000
 1-4 VDW =        0.0000  1-4 EEL =        0.0000  RESTRAINT  =        0.0000


   NSTEP       ENERGY          RMS            GMAX         NAME    NUMBER
   2450      -4.4749E-01     1.6973E-01     3.5907E-01     H           9

 BOND    =        0.0001  ANGLE   =        0.0000  DIHED      =        0.0000
 VDWAALS =       -0.4475  EEL     =        0.0000  HBOND      =        0.0000
 1-4 VDW =        0.0000  1-4 EEL =        0.0000  RESTRAINT  =        0.0000


   NSTEP       ENERGY          RMS            GMAX         NAME    NUMBER
   2500      -4.4856E-01     2.4346E-01     4.8446E-01     H           9

 BOND    =        0.0001  ANGLE   =        0.0000  DIHED      =        0.0000
 VDWAALS =       -0.4487  EEL     =        0.0000  HBOND      =        0.0000
 1-4 VDW =        0.0000  1-4 EEL =        0.0000  RESTRAINT  =        0.0000


                    FINAL RESULTS



   NSTEP       ENERGY          RMS            GMAX         NAME    NUMBER
   2536      -4.7400E-01     8.6318E-06     2.6234E-05     O           3

 BOND    =        0.0000  ANGLE   =        0.0000  DIHED      =        0.0000
 VDWAALS =       -0.4740  EEL     =        0.0000  HBOND      =        0.0000
 1-4 VDW =        0.0000  1-4 EEL =        0.0000  RESTRAINT  =        0.0000

--------------------------------------------------------------------------------
   5.  TIMINGS
--------------------------------------------------------------------------------

|    Read coords time           0.00 ( 0.36% of Total)
|    Fast Water setup           0.00 ( 0.03% of Total)
|                Build the list             0.00 (75.64% of List )
|                Other                      0.00 (24.36% of List )
|             List time                  0.00 ( 3.81% of Nonbo)
|                   Short_ene time             0.02 (96.31% of Direc)
|                   Other                      0.00 ( 3.69% of Direc)
|                Direct Ewald time          0.02 (94.36% of Ewald)
|                Force Adjust               0.00 ( 0.52% of Ewald)
|                Virial junk                0.00 ( 1.03% of Ewald)
|                Start synchronizatio       0.00 ( 1.40% of Ewald)
|                Other                      0.00 ( 2.70% of Ewald)
|             Ewald time                 0.02 (93.22% of Nonbo)
|             IPS excludes               0.00 ( 0.48% of Nonbo)
|             Other                      0.00 ( 2.49% of Nonbo)
|          Nonbond force              0.03 (86.54% of Force)
|          Bond/Angle/Dihedral        0.00 ( 7.07% of Force)
|          Other                      0.00 ( 6.39% of Force)
|       Force time                 0.03 (100.0% of Runmd)
|    Runmd Time                 0.03 (79.05% of Total)
|    Other                      0.01 (20.57% of Total)
| Total time                 0.04 (97.78% of ALL  )

| Number of list builds   :          1

| Highest rstack allocated:         30
| Highest istack allocated:          6
|           Job began  at 16:05:13.631  on 02/16/2018
|           Setup done at 16:05:13.635  on 02/16/2018
|           Run   done at 16:05:13.671  on 02/16/2018
|     wallclock() was called   58363 times
